{
  "stats": {
    "suites": 2,
    "tests": 2,
    "passes": 2,
    "pending": 0,
    "failures": 0,
    "testsRegistered": 2,
    "passPercent": 100,
    "pendingPercent": 0,
    "other": 0,
    "hasOther": false,
    "skipped": 0,
    "hasSkipped": false,
    "start": "2025-10-16T14:31:51.860Z",
    "end": "2025-10-16T14:31:57.963Z",
    "duration": 6103
  },
  "results": [
    {
      "uuid": "d3cbc61a-3b58-481b-a6a5-15b9738d7b05",
      "title": "",
      "fullFile": "cypress\\e2e\\features\\nuevaLeyFeatures.cy.js",
      "file": "cypress\\e2e\\features\\nuevaLeyFeatures.cy.js",
      "beforeHooks": [],
      "afterHooks": [],
      "tests": [],
      "suites": [
        {
          "uuid": "a6390430-a252-4985-a478-2db356c33511",
          "title": "Nueva Ley Features",
          "fullFile": "",
          "file": "",
          "beforeHooks": [],
          "afterHooks": [],
          "tests": [
            {
              "title": "Deberia crear una nueva ley",
              "fullTitle": "Nueva Ley Features Deberia crear una nueva ley",
              "timedOut": null,
              "duration": 1008,
              "state": "passed",
              "speed": "fast",
              "pass": true,
              "fail": false,
              "pending": false,
              "context": null,
              "code": "//esta es la creacion de una nueva ley pero en features",
              "err": {},
              "uuid": "58f305fc-5ac9-4936-9f83-8a6fc55f2543",
              "parentUUID": "a6390430-a252-4985-a478-2db356c33511",
              "isHook": false,
              "skipped": false
            }
          ],
          "suites": [],
          "passes": [
            "58f305fc-5ac9-4936-9f83-8a6fc55f2543"
          ],
          "failures": [],
          "pending": [],
          "skipped": [],
          "duration": 1008,
          "root": false,
          "rootEmpty": false,
          "_timeout": 2000
        }
      ],
      "passes": [],
      "failures": [],
      "pending": [],
      "skipped": [],
      "duration": 0,
      "root": true,
      "rootEmpty": true,
      "_timeout": 2000
    },
    {
      "uuid": "a1ef2731-1b6c-4a1c-b2b0-aeb95a90be12",
      "title": "",
      "fullFile": "cypress\\e2e\\core\\nuevaLey.cy.js",
      "file": "cypress\\e2e\\core\\nuevaLey.cy.js",
      "beforeHooks": [],
      "afterHooks": [],
      "tests": [],
      "suites": [
        {
          "uuid": "66c93066-5ce8-4ea8-95fd-9f0c4c9b2ff9",
          "title": "Nueva Ley",
          "fullFile": "",
          "file": "",
          "beforeHooks": [],
          "afterHooks": [],
          "tests": [
            {
              "title": "Deberia crear una nueva ley",
              "fullTitle": "Nueva Ley Deberia crear una nueva ley",
              "timedOut": null,
              "duration": 2205,
              "state": "passed",
              "speed": "fast",
              "pass": true,
              "fail": false,
              "pending": false,
              "context": null,
              "code": "//Creacion de una nueva ley\ncy.get(_selectors.botonMenuHamburguesa).should('exist').and('be.visible').click();\n// Esperar a que el menú esté completamente abierto\ncy.contains('Nueva Ley').should('be.visible').click();\ncy.get('#idLey').should('exist').and('be.visible').type('12345');",
              "err": {},
              "uuid": "33edfcbb-7b5b-4bd7-91f7-537c420750a7",
              "parentUUID": "66c93066-5ce8-4ea8-95fd-9f0c4c9b2ff9",
              "isHook": false,
              "skipped": false
            }
          ],
          "suites": [],
          "passes": [
            "33edfcbb-7b5b-4bd7-91f7-537c420750a7"
          ],
          "failures": [],
          "pending": [],
          "skipped": [],
          "duration": 2205,
          "root": false,
          "rootEmpty": false,
          "_timeout": 2000
        }
      ],
      "passes": [],
      "failures": [],
      "pending": [],
      "skipped": [],
      "duration": 0,
      "root": true,
      "rootEmpty": true,
      "_timeout": 2000
    }
  ],
  "meta": {
    "mocha": {
      "version": "7.2.0"
    },
    "mochawesome": {
      "options": {
        "quiet": false,
        "reportFilename": "mochawesome",
        "saveHtml": false,
        "saveJson": true,
        "consoleReporter": "spec",
        "useInlineDiffs": false,
        "code": true
      },
      "version": "7.1.4"
    },
    "marge": {
      "options": {
        "id": "default",
        "reportDir": "cypress/reports/mocha",
        "quite": true,
        "overwrite": false,
        "html": false,
        "json": true
      },
      "version": "6.3.0"
    }
  }
}