{
  "stats": {
    "suites": 1,
    "tests": 1,
    "passes": 1,
    "pending": 0,
    "failures": 0,
    "start": "2025-10-08T13:59:41.854Z",
    "end": "2025-10-08T13:59:45.084Z",
    "duration": 3230,
    "testsRegistered": 1,
    "passPercent": 100,
    "pendingPercent": 0,
    "other": 0,
    "hasOther": false,
    "skipped": 0,
    "hasSkipped": false
  },
  "results": [
    {
      "uuid": "4a534625-bc4d-4574-9554-ad092a92a55b",
      "title": "",
      "fullFile": "cypress\\e2e\\core\\nuevaLey.cy.js",
      "file": "cypress\\e2e\\core\\nuevaLey.cy.js",
      "beforeHooks": [],
      "afterHooks": [],
      "tests": [],
      "suites": [
        {
          "uuid": "8529b700-ac67-44e6-9620-8974a37c4136",
          "title": "Nueva Ley",
          "fullFile": "",
          "file": "",
          "beforeHooks": [],
          "afterHooks": [],
          "tests": [
            {
              "title": "Deberia crear una nueva ley",
              "fullTitle": "Nueva Ley Deberia crear una nueva ley",
              "timedOut": null,
              "duration": 2106,
              "state": "passed",
              "speed": "fast",
              "pass": true,
              "fail": false,
              "pending": false,
              "context": null,
              "code": "//Creacion de una nueva ley\ncy.get(_selectors.botonMenuHamburguesa).should('exist').and('be.visible').click();\n// Esperar a que el menú esté completamente abierto\ncy.contains('Nueva Ley').should('be.visible').click();\ncy.get('#idLey').should('exist').and('be.visible').type('12345');",
              "err": {},
              "uuid": "5580b627-5a1c-4fef-b956-8050e79d9ea7",
              "parentUUID": "8529b700-ac67-44e6-9620-8974a37c4136",
              "isHook": false,
              "skipped": false
            }
          ],
          "suites": [],
          "passes": [
            "5580b627-5a1c-4fef-b956-8050e79d9ea7"
          ],
          "failures": [],
          "pending": [],
          "skipped": [],
          "duration": 2106,
          "root": false,
          "rootEmpty": false,
          "_timeout": 2000
        }
      ],
      "passes": [],
      "failures": [],
      "pending": [],
      "skipped": [],
      "duration": 0,
      "root": true,
      "rootEmpty": true,
      "_timeout": 2000
    }
  ],
  "meta": {
    "mocha": {
      "version": "7.2.0"
    },
    "mochawesome": {
      "options": {
        "quiet": false,
        "reportFilename": "mochawesome",
        "saveHtml": false,
        "saveJson": true,
        "consoleReporter": "spec",
        "useInlineDiffs": false,
        "code": true
      },
      "version": "7.1.4"
    },
    "marge": {
      "options": {
        "id": "default",
        "reportDir": "cypress/reports/mocha",
        "quite": true,
        "overwrite": false,
        "html": false,
        "json": true
      },
      "version": "6.3.0"
    }
  }
}