{
  "stats": {
    "suites": 1,
    "tests": 1,
    "passes": 1,
    "pending": 0,
    "failures": 0,
    "start": "2025-09-29T13:27:26.555Z",
    "end": "2025-09-29T13:27:29.717Z",
    "duration": 3162,
    "testsRegistered": 1,
    "passPercent": 100,
    "pendingPercent": 0,
    "other": 0,
    "hasOther": false,
    "skipped": 0,
    "hasSkipped": false
  },
  "results": [
    {
      "uuid": "c196abf3-390c-4ab5-be52-399e2c41d818",
      "title": "",
      "fullFile": "cypress\\e2e\\core\\nuevaLey.cy.js",
      "file": "cypress\\e2e\\core\\nuevaLey.cy.js",
      "beforeHooks": [],
      "afterHooks": [],
      "tests": [],
      "suites": [
        {
          "uuid": "4a509e65-d6f6-41be-a88e-67bd6b261464",
          "title": "Nueva Ley",
          "fullFile": "",
          "file": "",
          "beforeHooks": [],
          "afterHooks": [],
          "tests": [
            {
              "title": "Deberia crear una nueva ley",
              "fullTitle": "Nueva Ley Deberia crear una nueva ley",
              "timedOut": null,
              "duration": 2052,
              "state": "passed",
              "speed": "fast",
              "pass": true,
              "fail": false,
              "pending": false,
              "context": null,
              "code": "//Creacion de una nueva ley\ncy.get(_selectors.botonMenuHamburguesa).should('exist').and('be.visible').click();\n// Esperar a que el menú esté completamente abierto\ncy.contains('Nueva Ley').should('be.visible').click();\ncy.get('#idLey').should('exist').and('be.visible').type('12345');",
              "err": {},
              "uuid": "c1a36b8f-9b95-4a40-ae8b-1d4690a67fce",
              "parentUUID": "4a509e65-d6f6-41be-a88e-67bd6b261464",
              "isHook": false,
              "skipped": false
            }
          ],
          "suites": [],
          "passes": [
            "c1a36b8f-9b95-4a40-ae8b-1d4690a67fce"
          ],
          "failures": [],
          "pending": [],
          "skipped": [],
          "duration": 2052,
          "root": false,
          "rootEmpty": false,
          "_timeout": 2000
        }
      ],
      "passes": [],
      "failures": [],
      "pending": [],
      "skipped": [],
      "duration": 0,
      "root": true,
      "rootEmpty": true,
      "_timeout": 2000
    }
  ],
  "meta": {
    "mocha": {
      "version": "7.2.0"
    },
    "mochawesome": {
      "options": {
        "quiet": false,
        "reportFilename": "mochawesome",
        "saveHtml": false,
        "saveJson": true,
        "consoleReporter": "spec",
        "useInlineDiffs": false,
        "code": true
      },
      "version": "7.1.4"
    },
    "marge": {
      "options": {
        "id": "default",
        "reportDir": "cypress/reports/mocha",
        "quite": true,
        "overwrite": false,
        "html": false,
        "json": true
      },
      "version": "6.3.0"
    }
  }
}